<?xml version="1.0" encoding="UTF-8"?>
<testng-results ignored="0" total="1" passed="1" failed="0" skipped="0">
  <reporter-output>
  </reporter-output>
  <suite started-at="2022-10-17T16:34:00 IST" name="Default suite" finished-at="2022-10-17T16:34:34 IST" duration-ms="34485">
    <groups>
    </groups>
    <test started-at="2022-10-17T16:34:00 IST" name="Default test" finished-at="2022-10-17T16:34:34 IST" duration-ms="34485">
      <class name="php.crm.vtiger.project1.CreateCampaignTest">
        <test-method is-config="true" signature="bsConfig()[pri:0, instance:php.crm.vtiger.project1.CreateCampaignTest@418e7838]" started-at="2022-10-17T16:34:00 IST" name="bsConfig" finished-at="2022-10-17T16:34:00 IST" duration-ms="11" status="PASS">
          <reporter-output>
          </reporter-output>
        </test-method> <!-- bsConfig -->
        <test-method is-config="true" signature="bcConfig()[pri:0, instance:php.crm.vtiger.project1.CreateCampaignTest@418e7838]" started-at="2022-10-17T16:34:00 IST" name="bcConfig" finished-at="2022-10-17T16:34:10 IST" duration-ms="10411" status="PASS">
          <reporter-output>
          </reporter-output>
        </test-method> <!-- bcConfig -->
        <test-method is-config="true" signature="bmConfig()[pri:0, instance:php.crm.vtiger.project1.CreateCampaignTest@418e7838]" started-at="2022-10-17T16:34:10 IST" name="bmConfig" finished-at="2022-10-17T16:34:16 IST" duration-ms="5800" status="PASS">
          <reporter-output>
          </reporter-output>
        </test-method> <!-- bmConfig -->
        <test-method signature="createCampaignAndVerifyCampaignNameTest()[pri:0, instance:php.crm.vtiger.project1.CreateCampaignTest@418e7838]" started-at="2022-10-17T16:34:16 IST" name="createCampaignAndVerifyCampaignNameTest" finished-at="2022-10-17T16:34:32 IST" duration-ms="15761" status="PASS">
          <reporter-output>
          </reporter-output>
        </test-method> <!-- createCampaignAndVerifyCampaignNameTest -->
        <test-method is-config="true" signature="amConfig()[pri:0, instance:php.crm.vtiger.project1.CreateCampaignTest@418e7838]" started-at="2022-10-17T16:34:32 IST" name="amConfig" finished-at="2022-10-17T16:34:34 IST" duration-ms="2135" status="PASS">
          <reporter-output>
          </reporter-output>
        </test-method> <!-- amConfig -->
        <test-method is-config="true" signature="acConfig()[pri:0, instance:php.crm.vtiger.project1.CreateCampaignTest@418e7838]" started-at="2022-10-17T16:34:34 IST" name="acConfig" finished-at="2022-10-17T16:34:34 IST" duration-ms="331" status="PASS">
          <reporter-output>
          </reporter-output>
        </test-method> <!-- acConfig -->
        <test-method is-config="true" signature="asConfig()[pri:0, instance:php.crm.vtiger.project1.CreateCampaignTest@418e7838]" started-at="2022-10-17T16:34:34 IST" name="asConfig" finished-at="2022-10-17T16:34:34 IST" duration-ms="1" status="PASS">
          <reporter-output>
          </reporter-output>
        </test-method> <!-- asConfig -->
      </class> <!-- php.crm.vtiger.project1.CreateCampaignTest -->
    </test> <!-- Default test -->
  </suite> <!-- Default suite -->
</testng-results>
